Request method:	POST
Request URI:	https://rahulshettyacademy.com/maps/api/place/add/json?key=qaclick123
Proxy:			<none>
Request params:	<none>
Query params:	key=qaclick123
Form params:	<none>
Path params:	<none>
Headers:		Accept=*/*
				Content-Type=application/json
Cookies:		<none>
Multiparts:		<none>
Body:
{
    "location": {
        "lat": -38.383494,
        "lng": 33.427362
    },
    "accuracy": 50,
    "name": "John",
    "phone_number": "(+91) 983 893 3937",
    "address": "wick",
    "types": [
        "shoe park",
        "shop"
    ],
    "website": "http://google.com",
    "language": "english"
}
HTTP/1.1 200 OK
Date: Sat, 27 Jun 2026 20:13:57 GMT
Server: Apache/2.4.52 (Ubuntu)
Strict-Transport-Security: max-age=604800; includeSubDomains
Access-Control-Allow-Origin: *
Access-Control-Allow-Methods: POST
Access-Control-Max-Age: 3600
Access-Control-Allow-Headers: Content-Type, Access-Control-Allow-Headers, Authorization, X-Requested-With
Content-Length: 194
Keep-Alive: timeout=5, max=100
Connection: Keep-Alive
Content-Type: application/json;charset=UTF-8

{
    "status": "OK",
    "place_id": "d8cd2b44d6467d8ac902e2cda48ca943",
    "scope": "APP",
    "reference": "d4a300dc2b1bfa8c1b79014c3fc96562d4a300dc2b1bfa8c1b79014c3fc96562",
    "id": "d4a300dc2b1bfa8c1b79014c3fc96562"
}
Request method:	GET
Request URI:	https://rahulshettyacademy.com/maps/api/place/get/json?key=qaclick123&place_id=d8cd2b44d6467d8ac902e2cda48ca943
Proxy:			<none>
Request params:	<none>
Query params:	key=qaclick123
				place_id=d8cd2b44d6467d8ac902e2cda48ca943
Form params:	<none>
Path params:	<none>
Headers:		Accept=*/*
				Content-Type=application/json
Cookies:		<none>
Multiparts:		<none>
Body:			<none>
HTTP/1.1 200 OK
Date: Sat, 27 Jun 2026 20:13:58 GMT
Server: Apache/2.4.52 (Ubuntu)
Strict-Transport-Security: max-age=604800; includeSubDomains
Access-Control-Allow-Origin: *
Access-Control-Allow-Methods: POST
Access-Control-Max-Age: 3600
Access-Control-Allow-Headers: Content-Type, Access-Control-Allow-Headers, Authorization, X-Requested-With
Content-Length: 223
Keep-Alive: timeout=5, max=100
Connection: Keep-Alive
Content-Type: application/json;charset=UTF-8

{
    "location": {
        "latitude": "-38.383494",
        "longitude": "33.427362"
    },
    "accuracy": "50",
    "name": "John",
    "phone_number": "(+91) 983 893 3937",
    "address": "wick",
    "types": "shoe park,shop",
    "website": "http://google.com",
    "language": "english"
}
Request method:	POST
Request URI:	https://rahulshettyacademy.com/maps/api/place/delete/json?key=qaclick123
Proxy:			<none>
Request params:	<none>
Query params:	key=qaclick123
Form params:	<none>
Path params:	<none>
Headers:		Accept=*/*
				Content-Type=application/json
Cookies:		<none>
Multiparts:		<none>
Body:
{
    "place_id": "d8cd2b44d6467d8ac902e2cda48ca943"
}
HTTP/1.1 200 OK
Date: Sat, 27 Jun 2026 20:14:01 GMT
Server: Apache/2.4.52 (Ubuntu)
Strict-Transport-Security: max-age=604800; includeSubDomains
Access-Control-Allow-Origin: *
Access-Control-Allow-Methods: POST
Access-Control-Max-Age: 3600
Access-Control-Allow-Headers: Content-Type, Access-Control-Allow-Headers, Authorization, X-Requested-With
Content-Length: 15
Keep-Alive: timeout=5, max=100
Connection: Keep-Alive
Content-Type: application/json;charset=UTF-8

{
    "status": "OK"
}
